<html>
<head>
<title>TestNG:  Testing</title>
<link href="../testng.css" rel="stylesheet" type="text/css" />
<link href="../my-testng.css" rel="stylesheet" type="text/css" />

<style type="text/css">
.log { display: none;} 
.stack-trace { display: none;} 
</style>
<script type="text/javascript">
<!--
function flip(e) {
  current = e.style.display;
  if (current == 'block') {
    e.style.display = 'none';
    return 0;
  }
  else {
    e.style.display = 'block';
    return 1;
  }
}

function toggleBox(szDivId, elem, msg1, msg2)
{
  var res = -1;  if (document.getElementById) {
    res = flip(document.getElementById(szDivId));
  }
  else if (document.all) {
    // this is the way old msie versions work
    res = flip(document.all[szDivId]);
  }
  if(elem) {
    if(res == 0) elem.innerHTML = msg1; else elem.innerHTML = msg2;
  }

}

function toggleAllBoxes() {
  if (document.getElementsByTagName) {
    d = document.getElementsByTagName('div');
    for (i = 0; i < d.length; i++) {
      if (d[i].className == 'log') {
        flip(d[i]);
      }
    }
  }
}

// -->
</script>

</head>
<body>
<h2 align='center'>Testing</h2><table border='1' align="center">
<tr>
<td>Tests passed/Failed/Skipped:</td><td>10/1/0</td>
</tr><tr>
<td>Started on:</td><td>Fri Aug 03 10:03:19 CEST 2018</td>
</tr>
<tr><td>Total time:</td><td>140 seconds (140300 ms)</td>
</tr><tr>
<td>Included groups:</td><td></td>
</tr><tr>
<td>Excluded groups:</td><td></td>
</tr>
</table><p/>
<small><i>(Hover the method name to see the test class name)</i></small><p/>
<table width='100%' border='1' class='invocation-failed'>
<tr><td colspan='4' align='center'><b>FAILED TESTS</b></td></tr>
<tr><td><b>Test method</b></td>
<td width="30%"><b>Exception</b></td>
<td width="10%"><b>Time (seconds)</b></td>
<td><b>Instance</b></td>
</tr>
<tr>
<td title='tests.TestProductCategory.checkText2()'><b>checkText2</b><br>Test class: tests.TestProductCategory</td>
<td><div><pre>org.openqa.selenium.TimeoutException: Expected condition failed: waiting for visibility of [[ChromeDriver: chrome on XP (ea0552adddad234fbcfe370c8cdb76a0)] -&gt; xpath: //*[@id=&quot;default_products_page_container&quot;]/div[4]/div[2]/form/div[2]/div[1]/div[2]/p] (tried for 10 second(s) with 500 milliseconds interval)
Build info: version: &apos;3.13.0&apos;, revision: &apos;2f0d292&apos;, time: &apos;2018-06-25T15:32:14.902Z&apos;
System info: host: &apos;MILANHP-PC&apos;, ip: &apos;192.168.1.3&apos;, os.name: &apos;Windows 7&apos;, os.arch: &apos;x86&apos;, os.version: &apos;6.1&apos;, java.version: &apos;1.8.0_171&apos;
Driver info: org.openqa.selenium.chrome.ChromeDriver
Capabilities {acceptInsecureCerts: false, acceptSslCerts: false, applicationCacheEnabled: false, browserConnectionEnabled: false, browserName: chrome, chrome: {chromedriverVersion: 2.40.565498 (ea082db3280dd6..., userDataDir: C:\Users\MILANH~1\AppData\L...}, cssSelectorsEnabled: true, databaseEnabled: false, handlesAlerts: true, hasTouchScreen: false, javascriptEnabled: true, locationContextEnabled: true, mobileEmulationEnabled: false, nativeEvents: true, networkConnectionEnabled: false, pageLoadStrategy: normal, platform: XP, platformName: XP, rotatable: false, setWindowRect: true, takesHeapSnapshot: true, takesScreenshot: true, unexpectedAlertBehaviour: , unhandledPromptBehavior: , version: 67.0.3396.99, webStorageEnabled: true}
Session ID: ea0552adddad234fbcfe370c8cdb76a0
	at org.openqa.selenium.support.ui.WebDriverWait.timeoutException(WebDriverWait.java:81)
	at org.openqa.selenium.support.ui.FluentWait.until(FluentWait.java:271)
	at pages.ProductCategory.isText2At(ProductCategory.java:76)
	at tests.TestProductCategory.checkText2(TestProductCategory.java:29)
... Removed 25 stack frames</pre></div><a href='#' onClick='toggleBox("stack-trace9264851", this, "Click to show all stack frames", "Click to hide stack frames")'>Click to show all stack frames</a>
<div class='stack-trace' id='stack-trace9264851'><pre>org.openqa.selenium.TimeoutException: Expected condition failed: waiting for visibility of [[ChromeDriver: chrome on XP (ea0552adddad234fbcfe370c8cdb76a0)] -&gt; xpath: //*[@id=&quot;default_products_page_container&quot;]/div[4]/div[2]/form/div[2]/div[1]/div[2]/p] (tried for 10 second(s) with 500 milliseconds interval)
Build info: version: &apos;3.13.0&apos;, revision: &apos;2f0d292&apos;, time: &apos;2018-06-25T15:32:14.902Z&apos;
System info: host: &apos;MILANHP-PC&apos;, ip: &apos;192.168.1.3&apos;, os.name: &apos;Windows 7&apos;, os.arch: &apos;x86&apos;, os.version: &apos;6.1&apos;, java.version: &apos;1.8.0_171&apos;
Driver info: org.openqa.selenium.chrome.ChromeDriver
Capabilities {acceptInsecureCerts: false, acceptSslCerts: false, applicationCacheEnabled: false, browserConnectionEnabled: false, browserName: chrome, chrome: {chromedriverVersion: 2.40.565498 (ea082db3280dd6..., userDataDir: C:\Users\MILANH~1\AppData\L...}, cssSelectorsEnabled: true, databaseEnabled: false, handlesAlerts: true, hasTouchScreen: false, javascriptEnabled: true, locationContextEnabled: true, mobileEmulationEnabled: false, nativeEvents: true, networkConnectionEnabled: false, pageLoadStrategy: normal, platform: XP, platformName: XP, rotatable: false, setWindowRect: true, takesHeapSnapshot: true, takesScreenshot: true, unexpectedAlertBehaviour: , unhandledPromptBehavior: , version: 67.0.3396.99, webStorageEnabled: true}
Session ID: ea0552adddad234fbcfe370c8cdb76a0
	at org.openqa.selenium.support.ui.WebDriverWait.timeoutException(WebDriverWait.java:81)
	at org.openqa.selenium.support.ui.FluentWait.until(FluentWait.java:271)
	at pages.ProductCategory.isText2At(ProductCategory.java:76)
	at tests.TestProductCategory.checkText2(TestProductCategory.java:29)
	at sun.reflect.NativeMethodAccessorImpl.invoke0(Native Method)
	at sun.reflect.NativeMethodAccessorImpl.invoke(Unknown Source)
	at sun.reflect.DelegatingMethodAccessorImpl.invoke(Unknown Source)
	at java.lang.reflect.Method.invoke(Unknown Source)
	at org.testng.internal.MethodInvocationHelper.invokeMethod(MethodInvocationHelper.java:124)
	at org.testng.internal.Invoker.invokeMethod(Invoker.java:580)
	at org.testng.internal.Invoker.invokeTestMethod(Invoker.java:716)
	at org.testng.internal.Invoker.invokeTestMethods(Invoker.java:988)
	at org.testng.internal.TestMethodWorker.invokeTestMethods(TestMethodWorker.java:125)
	at org.testng.internal.TestMethodWorker.run(TestMethodWorker.java:109)
	at org.testng.TestRunner.privateRun(TestRunner.java:648)
	at org.testng.TestRunner.run(TestRunner.java:505)
	at org.testng.SuiteRunner.runTest(SuiteRunner.java:455)
	at org.testng.SuiteRunner.runSequentially(SuiteRunner.java:450)
	at org.testng.SuiteRunner.privateRun(SuiteRunner.java:415)
	at org.testng.SuiteRunner.run(SuiteRunner.java:364)
	at org.testng.SuiteRunnerWorker.runSuite(SuiteRunnerWorker.java:52)
	at org.testng.SuiteRunnerWorker.run(SuiteRunnerWorker.java:84)
	at org.testng.TestNG.runSuitesSequentially(TestNG.java:1208)
	at org.testng.TestNG.runSuitesLocally(TestNG.java:1137)
	at org.testng.TestNG.runSuites(TestNG.java:1049)
	at org.testng.TestNG.run(TestNG.java:1017)
	at org.testng.remote.AbstractRemoteTestNG.run(AbstractRemoteTestNG.java:114)
	at org.testng.remote.RemoteTestNG.initAndRun(RemoteTestNG.java:251)
	at org.testng.remote.RemoteTestNG.main(RemoteTestNG.java:77)
</pre></div></td>
<td>30</td>
<td>tests.TestProductCategory@cb5822</td></tr>
</table><p>
<table width='100%' border='1' class='invocation-passed'>
<tr><td colspan='4' align='center'><b>PASSED TESTS</b></td></tr>
<tr><td><b>Test method</b></td>
<td width="30%"><b>Exception</b></td>
<td width="10%"><b>Time (seconds)</b></td>
<td><b>Instance</b></td>
</tr>
<tr>
<td title='tests.TestProductCategory.checkFullShopping()'><b>checkFullShopping</b><br>Test class: tests.TestProductCategory</td>
<td></td>
<td>0</td>
<td>tests.TestProductCategory@cb5822</td></tr>
<tr>
<td title='tests.TestMyAccount.checkIsProfileUpdated()'><b>checkIsProfileUpdated</b><br>Test class: tests.TestMyAccount</td>
<td></td>
<td>16</td>
<td>tests.TestMyAccount@198378d</td></tr>
<tr>
<td title='tests.TestHomePage.checkPointLeft()'><b>checkPointLeft</b><br>Test class: tests.TestHomePage</td>
<td></td>
<td>1</td>
<td>tests.TestHomePage@be83e4</td></tr>
<tr>
<td title='tests.TestHomePage.checkPointMiddle()'><b>checkPointMiddle</b><br>Test class: tests.TestHomePage</td>
<td></td>
<td>16</td>
<td>tests.TestHomePage@be83e4</td></tr>
<tr>
<td title='tests.TestHomePage.checkPointRight()'><b>checkPointRight</b><br>Test class: tests.TestHomePage</td>
<td></td>
<td>8</td>
<td>tests.TestHomePage@be83e4</td></tr>
<tr>
<td title='tests.TestDashboard.checkProfileText()'><b>checkProfileText</b><br>Test class: tests.TestDashboard</td>
<td></td>
<td>13</td>
<td>tests.TestDashboard@1057a39</td></tr>
<tr>
<td title='tests.TestProductCategory.checkText()'><b>checkText</b><br>Test class: tests.TestProductCategory</td>
<td></td>
<td>7</td>
<td>tests.TestProductCategory@cb5822</td></tr>
<tr>
<td title='tests.TestProfile.checkUpdate()'><b>checkUpdate</b><br>Test class: tests.TestProfile</td>
<td></td>
<td>6</td>
<td>tests.TestProfile@be92ad</td></tr>
<tr>
<td title='tests.TestCheckout.checkUpdateAndRemoveBtn()'><b>checkUpdateAndRemoveBtn</b><br>Test class: tests.TestCheckout</td>
<td></td>
<td>34</td>
<td>tests.TestCheckout@19e13df</td></tr>
<tr>
<td title='tests.TestLogout.checkWasLogoutSuccessful()'><b>checkWasLogoutSuccessful</b><br>Test class: tests.TestLogout</td>
<td></td>
<td>5</td>
<td>tests.TestLogout@15530b9</td></tr>
</table><p>
</body>
</html>